<?xml version="1.0" encoding="UTF-8"?>
<testng-results skipped="0" failed="0" total="15" passed="15">
  <reporter-output>
  </reporter-output>
  <suite name="Automation Project Test Suite" duration-ms="1938" started-at="2013-05-11T19:11:58Z" finished-at="2013-05-11T19:12:00Z">
    <groups>
      <group name="initQAEnv">
        <method signature="InitializationTests_TestSet.isQAEnvOK()[pri:0, instance:com.organization.automation.project.spice.mix.testng.extension.aop.spring.InitializationTests_TestSet@2a4983]" name="isQAEnvOK" class="com.organization.automation.project.spice.mix.testng.extension.aop.spring.InitializationTests_TestSet"/>
      </group> <!-- initQAEnv -->
      <group name="Abstract.TC.basic">
        <method signature="AspectJSpringProxyUnitTests.testAspectJSpringProxy_PositiveCase(com.organization.automation.project.spice.mix.testng.test.AbstractTestCase, com.organization.automation.project.spice.mix.aop.aspectjspring.TCProxy)[pri:0, instance:com.organization.automation.project.spice.mix.testng.extension.aop.spring.AspectJSpringProxyUnitTests@1968e23]" name="testAspectJSpringProxy_PositiveCase" class="com.organization.automation.project.spice.mix.testng.extension.aop.spring.AspectJSpringProxyUnitTests"/>
        <method signature="AspectJSpringProxyUnitTests.testAspectJSpringProxy_PositiveCaseWithAspect(com.organization.automation.project.spice.mix.testng.test.AbstractTestCase, com.organization.automation.project.spice.mix.aop.aspectjspring.TCProxy)[pri:0, instance:com.organization.automation.project.spice.mix.testng.extension.aop.spring.AspectJSpringProxyUnitTests@1968e23]" name="testAspectJSpringProxy_PositiveCaseWithAspect" class="com.organization.automation.project.spice.mix.testng.extension.aop.spring.AspectJSpringProxyUnitTests"/>
        <method signature="AspectJSpringProxyUnitTests.testAspectJSpringProxy_PositiveCaseWithConstructorParameter(com.organization.automation.project.spice.mix.testng.test.AbstractTestCase, com.organization.automation.project.spice.mix.aop.aspectjspring.TCProxy, java.lang.String)[pri:0, instance:com.organization.automation.project.spice.mix.testng.extension.aop.spring.AspectJSpringProxyUnitTests@1968e23]" name="testAspectJSpringProxy_PositiveCaseWithConstructorParameter" class="com.organization.automation.project.spice.mix.testng.extension.aop.spring.AspectJSpringProxyUnitTests"/>
      </group> <!-- Abstract.TC.basic -->
      <group name="initLocalEnv">
        <method signature="InitializationTests_TestSet.isLocalTAFEnvOK()[pri:0, instance:com.organization.automation.project.spice.mix.testng.extension.aop.spring.InitializationTests_TestSet@2a4983]" name="isLocalTAFEnvOK" class="com.organization.automation.project.spice.mix.testng.extension.aop.spring.InitializationTests_TestSet"/>
      </group> <!-- initLocalEnv -->
      <group name="AspectJSpringProxyTests">
        <method signature="AspectJSpringProxyUnitTests.testAspectJSpringProxy_PositiveCase(com.organization.automation.project.spice.mix.testng.test.AbstractTestCase, com.organization.automation.project.spice.mix.aop.aspectjspring.TCProxy)[pri:0, instance:com.organization.automation.project.spice.mix.testng.extension.aop.spring.AspectJSpringProxyUnitTests@1968e23]" name="testAspectJSpringProxy_PositiveCase" class="com.organization.automation.project.spice.mix.testng.extension.aop.spring.AspectJSpringProxyUnitTests"/>
        <method signature="AspectJSpringProxyUnitTests.testAspectJSpringProxy_PositiveCaseWithAspect(com.organization.automation.project.spice.mix.testng.test.AbstractTestCase, com.organization.automation.project.spice.mix.aop.aspectjspring.TCProxy)[pri:0, instance:com.organization.automation.project.spice.mix.testng.extension.aop.spring.AspectJSpringProxyUnitTests@1968e23]" name="testAspectJSpringProxy_PositiveCaseWithAspect" class="com.organization.automation.project.spice.mix.testng.extension.aop.spring.AspectJSpringProxyUnitTests"/>
        <method signature="AspectJSpringProxyUnitTests.testAspectJSpringProxy_PositiveCaseWithConstructorParameter(com.organization.automation.project.spice.mix.testng.test.AbstractTestCase, com.organization.automation.project.spice.mix.aop.aspectjspring.TCProxy, java.lang.String)[pri:0, instance:com.organization.automation.project.spice.mix.testng.extension.aop.spring.AspectJSpringProxyUnitTests@1968e23]" name="testAspectJSpringProxy_PositiveCaseWithConstructorParameter" class="com.organization.automation.project.spice.mix.testng.extension.aop.spring.AspectJSpringProxyUnitTests"/>
      </group> <!-- AspectJSpringProxyTests -->
      <group name="CustomAssertTests">
        <method signature="CustomAssertUnitTests.testBigIntegerAssert_bigNumbersEqualObjectCase()[pri:0, instance:com.organization.automation.project.spice.mix.testng.extension.assertions.CustomAssertUnitTests@1e152c5]" name="testBigIntegerAssert_bigNumbersEqualObjectCase" class="com.organization.automation.project.spice.mix.testng.extension.assertions.CustomAssertUnitTests"/>
        <method signature="CustomAssertUnitTests.testBigIntegerAssert_bigNumbersCase()[pri:0, instance:com.organization.automation.project.spice.mix.testng.extension.assertions.CustomAssertUnitTests@1e152c5]" name="testBigIntegerAssert_bigNumbersCase" class="com.organization.automation.project.spice.mix.testng.extension.assertions.CustomAssertUnitTests"/>
        <method signature="CustomAssertUnitTests.testBigIntegerAssert_smallNumbersNegativeCase()[pri:0, instance:com.organization.automation.project.spice.mix.testng.extension.assertions.CustomAssertUnitTests@1e152c5]" name="testBigIntegerAssert_smallNumbersNegativeCase" class="com.organization.automation.project.spice.mix.testng.extension.assertions.CustomAssertUnitTests"/>
        <method signature="CustomAssertUnitTests.testBigIntegerAssert_smallNumbersCase()[pri:0, instance:com.organization.automation.project.spice.mix.testng.extension.assertions.CustomAssertUnitTests@1e152c5]" name="testBigIntegerAssert_smallNumbersCase" class="com.organization.automation.project.spice.mix.testng.extension.assertions.CustomAssertUnitTests"/>
        <method signature="CustomAssertUnitTests.testBigIntegerAssert_mixNumbersMoreCase()[pri:0, instance:com.organization.automation.project.spice.mix.testng.extension.assertions.CustomAssertUnitTests@1e152c5]" name="testBigIntegerAssert_mixNumbersMoreCase" class="com.organization.automation.project.spice.mix.testng.extension.assertions.CustomAssertUnitTests"/>
        <method signature="CustomAssertUnitTests.testBigIntegerAssert_mixNumbersLessCase()[pri:0, instance:com.organization.automation.project.spice.mix.testng.extension.assertions.CustomAssertUnitTests@1e152c5]" name="testBigIntegerAssert_mixNumbersLessCase" class="com.organization.automation.project.spice.mix.testng.extension.assertions.CustomAssertUnitTests"/>
        <method signature="CustomAssertUnitTests.testBigIntegerAssert_bigNumbersLessCase()[pri:0, instance:com.organization.automation.project.spice.mix.testng.extension.assertions.CustomAssertUnitTests@1e152c5]" name="testBigIntegerAssert_bigNumbersLessCase" class="com.organization.automation.project.spice.mix.testng.extension.assertions.CustomAssertUnitTests"/>
        <method signature="CustomAssertUnitTests.testBigIntegerAssert_smallNumbersLessCase()[pri:0, instance:com.organization.automation.project.spice.mix.testng.extension.assertions.CustomAssertUnitTests@1e152c5]" name="testBigIntegerAssert_smallNumbersLessCase" class="com.organization.automation.project.spice.mix.testng.extension.assertions.CustomAssertUnitTests"/>
        <method signature="CustomAssertUnitTests.testBigIntegerAssert_bigNumbersMoreCase()[pri:0, instance:com.organization.automation.project.spice.mix.testng.extension.assertions.CustomAssertUnitTests@1e152c5]" name="testBigIntegerAssert_bigNumbersMoreCase" class="com.organization.automation.project.spice.mix.testng.extension.assertions.CustomAssertUnitTests"/>
        <method signature="CustomAssertUnitTests.testBigIntegerAssert_smallNumbersMoreCase()[pri:0, instance:com.organization.automation.project.spice.mix.testng.extension.assertions.CustomAssertUnitTests@1e152c5]" name="testBigIntegerAssert_smallNumbersMoreCase" class="com.organization.automation.project.spice.mix.testng.extension.assertions.CustomAssertUnitTests"/>
      </group> <!-- CustomAssertTests -->
      <group name="InitializationTests">
        <method signature="InitializationTests_TestSet.isLocalTAFEnvOK()[pri:0, instance:com.organization.automation.project.spice.mix.testng.extension.aop.spring.InitializationTests_TestSet@2a4983]" name="isLocalTAFEnvOK" class="com.organization.automation.project.spice.mix.testng.extension.aop.spring.InitializationTests_TestSet"/>
        <method signature="InitializationTests_TestSet.isQAEnvOK()[pri:0, instance:com.organization.automation.project.spice.mix.testng.extension.aop.spring.InitializationTests_TestSet@2a4983]" name="isQAEnvOK" class="com.organization.automation.project.spice.mix.testng.extension.aop.spring.InitializationTests_TestSet"/>
      </group> <!-- InitializationTests -->
    </groups>
    <test name="AcceptanceTests" duration-ms="1938" started-at="2013-05-11T19:11:58Z" finished-at="2013-05-11T19:12:00Z">
      <class name="com.organization.automation.project.spice.mix.testng.extension.aop.spring.AspectJSpringProxyUnitTests">
        <test-method status="PASS" signature="setUpSet()[pri:0, instance:com.organization.automation.project.spice.mix.testng.extension.aop.spring.AspectJSpringProxyUnitTests@1968e23]" name="setUpSet" is-config="true" duration-ms="16" started-at="2013-05-11T22:11:58Z" finished-at="2013-05-11T22:11:58Z">
          <reporter-output>
          </reporter-output>
        </test-method> <!-- setUpSet -->
        <test-method status="PASS" signature="setUpTest()[pri:0, instance:com.organization.automation.project.spice.mix.testng.extension.aop.spring.AspectJSpringProxyUnitTests@1968e23]" name="setUpTest" is-config="true" duration-ms="16" started-at="2013-05-11T22:11:58Z" finished-at="2013-05-11T22:11:58Z">
          <reporter-output>
          </reporter-output>
        </test-method> <!-- setUpTest -->
        <test-method status="PASS" signature="testAspectJSpringProxy_PositiveCase(com.organization.automation.project.spice.mix.testng.test.AbstractTestCase, com.organization.automation.project.spice.mix.aop.aspectjspring.TCProxy)[pri:0, instance:com.organization.automation.project.spice.mix.testng.extension.aop.spring.AspectJSpringProxyUnitTests@1968e23]" name="testAspectJSpringProxy_PositiveCase" duration-ms="1484" depends-on-groups="InitializationTests" started-at="2013-05-11T22:11:58Z" data-provider="Abstract.TC" finished-at="2013-05-11T22:12:00Z">
          <params>
            <param index="0">
              <value>
                <![CDATA[com.organization.automation.project.spice.mix.testng.test.AbstractTestCase@2f48d2]]>
              </value>
            </param>
            <param index="1">
              <value>
                <![CDATA[com.organization.automation.project.spice.mix.aop.aspectjspring.TCProxy@b6548]]>
              </value>
            </param>
          </params>
          <reporter-output>
          </reporter-output>
        </test-method> <!-- testAspectJSpringProxy_PositiveCase -->
        <test-method status="PASS" signature="setUpTest()[pri:0, instance:com.organization.automation.project.spice.mix.testng.extension.aop.spring.AspectJSpringProxyUnitTests@1968e23]" name="setUpTest" is-config="true" duration-ms="0" started-at="2013-05-11T22:12:00Z" finished-at="2013-05-11T22:12:00Z">
          <reporter-output>
          </reporter-output>
        </test-method> <!-- setUpTest -->
        <test-method status="PASS" signature="testAspectJSpringProxy_PositiveCaseWithAspect(com.organization.automation.project.spice.mix.testng.test.AbstractTestCase, com.organization.automation.project.spice.mix.aop.aspectjspring.TCProxy)[pri:0, instance:com.organization.automation.project.spice.mix.testng.extension.aop.spring.AspectJSpringProxyUnitTests@1968e23]" name="testAspectJSpringProxy_PositiveCaseWithAspect" duration-ms="78" depends-on-groups="InitializationTests" started-at="2013-05-11T22:12:00Z" data-provider="Abstract.TC.with.LogAspect" finished-at="2013-05-11T22:12:00Z">
          <params>
            <param index="0">
              <value>
                <![CDATA[com.organization.automation.project.spice.mix.testng.test.AbstractTestCase@171f189]]>
              </value>
            </param>
            <param index="1">
              <value>
                <![CDATA[com.organization.automation.project.spice.mix.aop.aspectjspring.TCProxy@269997]]>
              </value>
            </param>
          </params>
          <reporter-output>
          </reporter-output>
        </test-method> <!-- testAspectJSpringProxy_PositiveCaseWithAspect -->
        <test-method status="PASS" signature="tearDownTest()[pri:0, instance:com.organization.automation.project.spice.mix.testng.extension.aop.spring.AspectJSpringProxyUnitTests@1968e23]" name="tearDownTest" is-config="true" duration-ms="0" started-at="2013-05-11T22:12:00Z" finished-at="2013-05-11T22:12:00Z">
          <reporter-output>
          </reporter-output>
        </test-method> <!-- tearDownTest -->
        <test-method status="PASS" signature="setUpTest()[pri:0, instance:com.organization.automation.project.spice.mix.testng.extension.aop.spring.AspectJSpringProxyUnitTests@1968e23]" name="setUpTest" is-config="true" duration-ms="0" started-at="2013-05-11T22:12:00Z" finished-at="2013-05-11T22:12:00Z">
          <reporter-output>
          </reporter-output>
        </test-method> <!-- setUpTest -->
        <test-method status="PASS" signature="tearDownTest()[pri:0, instance:com.organization.automation.project.spice.mix.testng.extension.aop.spring.AspectJSpringProxyUnitTests@1968e23]" name="tearDownTest" is-config="true" duration-ms="0" started-at="2013-05-11T22:12:00Z" finished-at="2013-05-11T22:12:00Z">
          <reporter-output>
          </reporter-output>
        </test-method> <!-- tearDownTest -->
        <test-method status="PASS" signature="testAspectJSpringProxy_PositiveCaseWithConstructorParameter(com.organization.automation.project.spice.mix.testng.test.AbstractTestCase, com.organization.automation.project.spice.mix.aop.aspectjspring.TCProxy, java.lang.String)[pri:0, instance:com.organization.automation.project.spice.mix.testng.extension.aop.spring.AspectJSpringProxyUnitTests@1968e23]" name="testAspectJSpringProxy_PositiveCaseWithConstructorParameter" duration-ms="188" depends-on-groups="InitializationTests" started-at="2013-05-11T22:12:00Z" data-provider="Abstract.TC.with.ConstructorParameter" finished-at="2013-05-11T22:12:00Z">
          <params>
            <param index="0">
              <value>
                <![CDATA[com.organization.automation.project.spice.mix.aop.aspectjspring.TCSample@364641]]>
              </value>
            </param>
            <param index="1">
              <value>
                <![CDATA[com.organization.automation.project.spice.mix.aop.aspectjspring.TCProxy@2db19d]]>
              </value>
            </param>
            <param index="2">
              <value>
                <![CDATA[100]]>
              </value>
            </param>
          </params>
          <reporter-output>
          </reporter-output>
        </test-method> <!-- testAspectJSpringProxy_PositiveCaseWithConstructorParameter -->
        <test-method status="PASS" signature="tearDownSet()[pri:0, instance:com.organization.automation.project.spice.mix.testng.extension.aop.spring.AspectJSpringProxyUnitTests@1968e23]" name="tearDownSet" is-config="true" duration-ms="0" started-at="2013-05-11T22:12:00Z" finished-at="2013-05-11T22:12:00Z">
          <reporter-output>
          </reporter-output>
        </test-method> <!-- tearDownSet -->
        <test-method status="PASS" signature="tearDownTest()[pri:0, instance:com.organization.automation.project.spice.mix.testng.extension.aop.spring.AspectJSpringProxyUnitTests@1968e23]" name="tearDownTest" is-config="true" duration-ms="0" started-at="2013-05-11T22:12:00Z" finished-at="2013-05-11T22:12:00Z">
          <reporter-output>
          </reporter-output>
        </test-method> <!-- tearDownTest -->
      </class> <!-- com.organization.automation.project.spice.mix.testng.extension.aop.spring.AspectJSpringProxyUnitTests -->
      <class name="com.organization.automation.project.spice.mix.testng.extension.aop.spring.InitializationTests_TestSet">
        <test-method status="PASS" signature="setUpSuite(java.lang.String)[pri:0, instance:com.organization.automation.project.spice.mix.testng.extension.aop.spring.InitializationTests_TestSet@2a4983]" name="setUpSuite" is-config="true" duration-ms="15" started-at="2013-05-11T22:11:58Z" finished-at="2013-05-11T22:11:58Z">
          <params>
            <param index="0">
              <value>
                <![CDATA[Automation Project]]>
              </value>
            </param>
          </params>
          <reporter-output>
          </reporter-output>
        </test-method> <!-- setUpSuite -->
        <test-method status="PASS" signature="setUpSet(java.lang.String)[pri:0, instance:com.organization.automation.project.spice.mix.testng.extension.aop.spring.InitializationTests_TestSet@2a4983]" name="setUpSet" is-config="true" duration-ms="0" started-at="2013-05-11T22:11:58Z" finished-at="2013-05-11T22:11:58Z">
          <params>
            <param index="0">
              <value>
                <![CDATA[Initialization Tests]]>
              </value>
            </param>
          </params>
          <reporter-output>
          </reporter-output>
        </test-method> <!-- setUpSet -->
        <test-method status="PASS" signature="setUpTest()[pri:0, instance:com.organization.automation.project.spice.mix.testng.extension.aop.spring.InitializationTests_TestSet@2a4983]" name="setUpTest" is-config="true" duration-ms="16" started-at="2013-05-11T22:11:58Z" finished-at="2013-05-11T22:11:58Z">
          <reporter-output>
          </reporter-output>
        </test-method> <!-- setUpTest -->
        <test-method status="PASS" signature="tearDownTest()[pri:0, instance:com.organization.automation.project.spice.mix.testng.extension.aop.spring.InitializationTests_TestSet@2a4983]" name="tearDownTest" is-config="true" duration-ms="0" started-at="2013-05-11T22:11:58Z" finished-at="2013-05-11T22:11:58Z">
          <reporter-output>
          </reporter-output>
        </test-method> <!-- tearDownTest -->
        <test-method status="PASS" signature="isLocalTAFEnvOK()[pri:0, instance:com.organization.automation.project.spice.mix.testng.extension.aop.spring.InitializationTests_TestSet@2a4983]" name="isLocalTAFEnvOK" duration-ms="0" started-at="2013-05-11T22:11:58Z" finished-at="2013-05-11T22:11:58Z">
          <reporter-output>
          </reporter-output>
        </test-method> <!-- isLocalTAFEnvOK -->
        <test-method status="PASS" signature="isQAEnvOK()[pri:0, instance:com.organization.automation.project.spice.mix.testng.extension.aop.spring.InitializationTests_TestSet@2a4983]" name="isQAEnvOK" duration-ms="0" depends-on-groups="initLocalEnv" started-at="2013-05-11T22:11:58Z" finished-at="2013-05-11T22:11:58Z">
          <reporter-output>
          </reporter-output>
        </test-method> <!-- isQAEnvOK -->
        <test-method status="PASS" signature="setUpTest()[pri:0, instance:com.organization.automation.project.spice.mix.testng.extension.aop.spring.InitializationTests_TestSet@2a4983]" name="setUpTest" is-config="true" duration-ms="0" started-at="2013-05-11T22:11:58Z" finished-at="2013-05-11T22:11:58Z">
          <reporter-output>
          </reporter-output>
        </test-method> <!-- setUpTest -->
        <test-method status="PASS" signature="tearDownTest()[pri:0, instance:com.organization.automation.project.spice.mix.testng.extension.aop.spring.InitializationTests_TestSet@2a4983]" name="tearDownTest" is-config="true" duration-ms="0" started-at="2013-05-11T22:11:58Z" finished-at="2013-05-11T22:11:58Z">
          <reporter-output>
          </reporter-output>
        </test-method> <!-- tearDownTest -->
        <test-method status="PASS" signature="tearDownSet()[pri:0, instance:com.organization.automation.project.spice.mix.testng.extension.aop.spring.InitializationTests_TestSet@2a4983]" name="tearDownSet" is-config="true" duration-ms="16" started-at="2013-05-11T22:11:58Z" finished-at="2013-05-11T22:11:58Z">
          <reporter-output>
          </reporter-output>
        </test-method> <!-- tearDownSet -->
        <test-method status="PASS" signature="tearDownSuite()[pri:0, instance:com.organization.automation.project.spice.mix.testng.extension.aop.spring.InitializationTests_TestSet@2a4983]" name="tearDownSuite" is-config="true" duration-ms="0" started-at="2013-05-11T22:12:00Z" finished-at="2013-05-11T22:12:00Z">
          <reporter-output>
          </reporter-output>
        </test-method> <!-- tearDownSuite -->
      </class> <!-- com.organization.automation.project.spice.mix.testng.extension.aop.spring.InitializationTests_TestSet -->
      <class name="com.organization.automation.project.spice.mix.testng.extension.assertions.CustomAssertUnitTests">
        <test-method status="PASS" signature="setUpAllTests(java.lang.String)[pri:0, instance:com.organization.automation.project.spice.mix.testng.extension.assertions.CustomAssertUnitTests@1e152c5]" name="setUpAllTests" is-config="true" duration-ms="0" started-at="2013-05-11T22:11:58Z" finished-at="2013-05-11T22:11:58Z">
          <params>
            <param index="0">
              <value>
                <![CDATA[Unit Tests on Custom Assert]]>
              </value>
            </param>
          </params>
          <reporter-output>
          </reporter-output>
        </test-method> <!-- setUpAllTests -->
        <test-method status="PASS" signature="testBigIntegerAssert_bigNumbersEqualObjectCase()[pri:0, instance:com.organization.automation.project.spice.mix.testng.extension.assertions.CustomAssertUnitTests@1e152c5]" name="testBigIntegerAssert_bigNumbersEqualObjectCase" duration-ms="15" started-at="2013-05-11T22:11:58Z" finished-at="2013-05-11T22:11:58Z">
          <reporter-output>
          </reporter-output>
        </test-method> <!-- testBigIntegerAssert_bigNumbersEqualObjectCase -->
        <test-method status="PASS" signature="testBigIntegerAssert_bigNumbersCase()[pri:0, instance:com.organization.automation.project.spice.mix.testng.extension.assertions.CustomAssertUnitTests@1e152c5]" name="testBigIntegerAssert_bigNumbersCase" duration-ms="0" started-at="2013-05-11T22:11:58Z" finished-at="2013-05-11T22:11:58Z">
          <reporter-output>
          </reporter-output>
        </test-method> <!-- testBigIntegerAssert_bigNumbersCase -->
        <test-method status="PASS" signature="testBigIntegerAssert_smallNumbersNegativeCase()[pri:0, instance:com.organization.automation.project.spice.mix.testng.extension.assertions.CustomAssertUnitTests@1e152c5]" name="testBigIntegerAssert_smallNumbersNegativeCase" duration-ms="0" started-at="2013-05-11T22:11:58Z" finished-at="2013-05-11T22:11:58Z">
          <exception class="java.lang.AssertionError">
            <message>
              <![CDATA[Actual number should be equal expected. expected [true] but found [false]]]>
            </message>
            <full-stacktrace>
              <![CDATA[java.lang.AssertionError: Actual number should be equal expected. expected [true] but found [false]
	at org.testng.Assert.fail(Assert.java:94)
	at org.testng.Assert.failNotEquals(Assert.java:494)
	at org.testng.Assert.assertTrue(Assert.java:42)
	at com.organization.automation.project.spice.mix.testng.extension.assertions.CustomAssert.assertEquals(CustomAssert.java:39)
	at com.organization.automation.project.spice.mix.testng.extension.assertions.CustomAssertUnitTests.testBigIntegerAssert_smallNumbersNegativeCase(CustomAssertUnitTests.java:129)
	at sun.reflect.NativeMethodAccessorImpl.invoke0(Native Method)
	at sun.reflect.NativeMethodAccessorImpl.invoke(NativeMethodAccessorImpl.java:39)
	at sun.reflect.DelegatingMethodAccessorImpl.invoke(DelegatingMethodAccessorImpl.java:25)
	at java.lang.reflect.Method.invoke(Method.java:597)
	at org.testng.internal.MethodInvocationHelper.invokeMethod(MethodInvocationHelper.java:80)
	at org.testng.internal.Invoker.invokeMethod(Invoker.java:714)
	at org.testng.internal.Invoker.invokeTestMethod(Invoker.java:901)
	at org.testng.internal.Invoker.invokeTestMethods(Invoker.java:1231)
	at org.testng.internal.TestMethodWorker.invokeTestMethods(TestMethodWorker.java:127)
	at org.testng.internal.TestMethodWorker.run(TestMethodWorker.java:111)
	at org.testng.TestRunner.privateRun(TestRunner.java:767)
	at org.testng.TestRunner.run(TestRunner.java:617)
	at org.testng.SuiteRunner.runTest(SuiteRunner.java:334)
	at org.testng.SuiteRunner.runSequentially(SuiteRunner.java:329)
	at org.testng.SuiteRunner.privateRun(SuiteRunner.java:291)
	at org.testng.SuiteRunner.run(SuiteRunner.java:240)
	at org.testng.SuiteRunnerWorker.runSuite(SuiteRunnerWorker.java:52)
	at org.testng.SuiteRunnerWorker.run(SuiteRunnerWorker.java:86)
	at org.testng.TestNG.runSuitesSequentially(TestNG.java:1198)
	at org.testng.TestNG.runSuitesLocally(TestNG.java:1123)
	at org.testng.TestNG.run(TestNG.java:1031)
	at org.apache.maven.surefire.testng.TestNGExecutor.run(TestNGExecutor.java:73)
	at org.apache.maven.surefire.testng.TestNGXmlTestSuite.execute(TestNGXmlTestSuite.java:94)
	at org.apache.maven.surefire.Surefire.run(Surefire.java:169)
	at sun.reflect.NativeMethodAccessorImpl.invoke0(Native Method)
	at sun.reflect.NativeMethodAccessorImpl.invoke(NativeMethodAccessorImpl.java:39)
	at sun.reflect.DelegatingMethodAccessorImpl.invoke(DelegatingMethodAccessorImpl.java:25)
	at java.lang.reflect.Method.invoke(Method.java:597)
	at org.apache.maven.surefire.booter.SurefireBooter.runSuitesInProcess(SurefireBooter.java:350)
	at org.apache.maven.surefire.booter.SurefireBooter.main(SurefireBooter.java:1021)
]]>
            </full-stacktrace>
          </exception> <!-- java.lang.AssertionError -->
          <reporter-output>
          </reporter-output>
        </test-method> <!-- testBigIntegerAssert_smallNumbersNegativeCase -->
        <test-method status="PASS" signature="testBigIntegerAssert_smallNumbersCase()[pri:0, instance:com.organization.automation.project.spice.mix.testng.extension.assertions.CustomAssertUnitTests@1e152c5]" name="testBigIntegerAssert_smallNumbersCase" duration-ms="0" started-at="2013-05-11T22:11:58Z" finished-at="2013-05-11T22:11:58Z">
          <reporter-output>
          </reporter-output>
        </test-method> <!-- testBigIntegerAssert_smallNumbersCase -->
        <test-method status="PASS" signature="testBigIntegerAssert_bigNumbersLessCase()[pri:0, instance:com.organization.automation.project.spice.mix.testng.extension.assertions.CustomAssertUnitTests@1e152c5]" name="testBigIntegerAssert_bigNumbersLessCase" duration-ms="0" started-at="2013-05-11T22:11:58Z" finished-at="2013-05-11T22:11:58Z">
          <exception class="java.lang.AssertionError">
            <message>
              <![CDATA[Actual number should be equal expected. expected [true] but found [false]]]>
            </message>
            <full-stacktrace>
              <![CDATA[java.lang.AssertionError: Actual number should be equal expected. expected [true] but found [false]
	at org.testng.Assert.fail(Assert.java:94)
	at org.testng.Assert.failNotEquals(Assert.java:494)
	at org.testng.Assert.assertTrue(Assert.java:42)
	at com.organization.automation.project.spice.mix.testng.extension.assertions.CustomAssert.assertEquals(CustomAssert.java:39)
	at com.organization.automation.project.spice.mix.testng.extension.assertions.CustomAssertUnitTests.testBigIntegerAssert_bigNumbersLessCase(CustomAssertUnitTests.java:105)
	at sun.reflect.NativeMethodAccessorImpl.invoke0(Native Method)
	at sun.reflect.NativeMethodAccessorImpl.invoke(NativeMethodAccessorImpl.java:39)
	at sun.reflect.DelegatingMethodAccessorImpl.invoke(DelegatingMethodAccessorImpl.java:25)
	at java.lang.reflect.Method.invoke(Method.java:597)
	at org.testng.internal.MethodInvocationHelper.invokeMethod(MethodInvocationHelper.java:80)
	at org.testng.internal.Invoker.invokeMethod(Invoker.java:714)
	at org.testng.internal.Invoker.invokeTestMethod(Invoker.java:901)
	at org.testng.internal.Invoker.invokeTestMethods(Invoker.java:1231)
	at org.testng.internal.TestMethodWorker.invokeTestMethods(TestMethodWorker.java:127)
	at org.testng.internal.TestMethodWorker.run(TestMethodWorker.java:111)
	at org.testng.TestRunner.privateRun(TestRunner.java:767)
	at org.testng.TestRunner.run(TestRunner.java:617)
	at org.testng.SuiteRunner.runTest(SuiteRunner.java:334)
	at org.testng.SuiteRunner.runSequentially(SuiteRunner.java:329)
	at org.testng.SuiteRunner.privateRun(SuiteRunner.java:291)
	at org.testng.SuiteRunner.run(SuiteRunner.java:240)
	at org.testng.SuiteRunnerWorker.runSuite(SuiteRunnerWorker.java:52)
	at org.testng.SuiteRunnerWorker.run(SuiteRunnerWorker.java:86)
	at org.testng.TestNG.runSuitesSequentially(TestNG.java:1198)
	at org.testng.TestNG.runSuitesLocally(TestNG.java:1123)
	at org.testng.TestNG.run(TestNG.java:1031)
	at org.apache.maven.surefire.testng.TestNGExecutor.run(TestNGExecutor.java:73)
	at org.apache.maven.surefire.testng.TestNGXmlTestSuite.execute(TestNGXmlTestSuite.java:94)
	at org.apache.maven.surefire.Surefire.run(Surefire.java:169)
	at sun.reflect.NativeMethodAccessorImpl.invoke0(Native Method)
	at sun.reflect.NativeMethodAccessorImpl.invoke(NativeMethodAccessorImpl.java:39)
	at sun.reflect.DelegatingMethodAccessorImpl.invoke(DelegatingMethodAccessorImpl.java:25)
	at java.lang.reflect.Method.invoke(Method.java:597)
	at org.apache.maven.surefire.booter.SurefireBooter.runSuitesInProcess(SurefireBooter.java:350)
	at org.apache.maven.surefire.booter.SurefireBooter.main(SurefireBooter.java:1021)
]]>
            </full-stacktrace>
          </exception> <!-- java.lang.AssertionError -->
          <reporter-output>
          </reporter-output>
        </test-method> <!-- testBigIntegerAssert_bigNumbersLessCase -->
        <test-method status="PASS" signature="testBigIntegerAssert_mixNumbersLessCase()[pri:0, instance:com.organization.automation.project.spice.mix.testng.extension.assertions.CustomAssertUnitTests@1e152c5]" name="testBigIntegerAssert_mixNumbersLessCase" duration-ms="0" started-at="2013-05-11T22:11:58Z" finished-at="2013-05-11T22:11:58Z">
          <exception class="java.lang.AssertionError">
            <message>
              <![CDATA[Actual number should be equal expected. expected [true] but found [false]]]>
            </message>
            <full-stacktrace>
              <![CDATA[java.lang.AssertionError: Actual number should be equal expected. expected [true] but found [false]
	at org.testng.Assert.fail(Assert.java:94)
	at org.testng.Assert.failNotEquals(Assert.java:494)
	at org.testng.Assert.assertTrue(Assert.java:42)
	at com.organization.automation.project.spice.mix.testng.extension.assertions.CustomAssert.assertEquals(CustomAssert.java:39)
	at com.organization.automation.project.spice.mix.testng.extension.assertions.CustomAssertUnitTests.testBigIntegerAssert_mixNumbersLessCase(CustomAssertUnitTests.java:121)
	at sun.reflect.NativeMethodAccessorImpl.invoke0(Native Method)
	at sun.reflect.NativeMethodAccessorImpl.invoke(NativeMethodAccessorImpl.java:39)
	at sun.reflect.DelegatingMethodAccessorImpl.invoke(DelegatingMethodAccessorImpl.java:25)
	at java.lang.reflect.Method.invoke(Method.java:597)
	at org.testng.internal.MethodInvocationHelper.invokeMethod(MethodInvocationHelper.java:80)
	at org.testng.internal.Invoker.invokeMethod(Invoker.java:714)
	at org.testng.internal.Invoker.invokeTestMethod(Invoker.java:901)
	at org.testng.internal.Invoker.invokeTestMethods(Invoker.java:1231)
	at org.testng.internal.TestMethodWorker.invokeTestMethods(TestMethodWorker.java:127)
	at org.testng.internal.TestMethodWorker.run(TestMethodWorker.java:111)
	at org.testng.TestRunner.privateRun(TestRunner.java:767)
	at org.testng.TestRunner.run(TestRunner.java:617)
	at org.testng.SuiteRunner.runTest(SuiteRunner.java:334)
	at org.testng.SuiteRunner.runSequentially(SuiteRunner.java:329)
	at org.testng.SuiteRunner.privateRun(SuiteRunner.java:291)
	at org.testng.SuiteRunner.run(SuiteRunner.java:240)
	at org.testng.SuiteRunnerWorker.runSuite(SuiteRunnerWorker.java:52)
	at org.testng.SuiteRunnerWorker.run(SuiteRunnerWorker.java:86)
	at org.testng.TestNG.runSuitesSequentially(TestNG.java:1198)
	at org.testng.TestNG.runSuitesLocally(TestNG.java:1123)
	at org.testng.TestNG.run(TestNG.java:1031)
	at org.apache.maven.surefire.testng.TestNGExecutor.run(TestNGExecutor.java:73)
	at org.apache.maven.surefire.testng.TestNGXmlTestSuite.execute(TestNGXmlTestSuite.java:94)
	at org.apache.maven.surefire.Surefire.run(Surefire.java:169)
	at sun.reflect.NativeMethodAccessorImpl.invoke0(Native Method)
	at sun.reflect.NativeMethodAccessorImpl.invoke(NativeMethodAccessorImpl.java:39)
	at sun.reflect.DelegatingMethodAccessorImpl.invoke(DelegatingMethodAccessorImpl.java:25)
	at java.lang.reflect.Method.invoke(Method.java:597)
	at org.apache.maven.surefire.booter.SurefireBooter.runSuitesInProcess(SurefireBooter.java:350)
	at org.apache.maven.surefire.booter.SurefireBooter.main(SurefireBooter.java:1021)
]]>
            </full-stacktrace>
          </exception> <!-- java.lang.AssertionError -->
          <reporter-output>
          </reporter-output>
        </test-method> <!-- testBigIntegerAssert_mixNumbersLessCase -->
        <test-method status="PASS" signature="testBigIntegerAssert_mixNumbersMoreCase()[pri:0, instance:com.organization.automation.project.spice.mix.testng.extension.assertions.CustomAssertUnitTests@1e152c5]" name="testBigIntegerAssert_mixNumbersMoreCase" duration-ms="0" started-at="2013-05-11T22:11:58Z" finished-at="2013-05-11T22:11:58Z">
          <exception class="java.lang.AssertionError">
            <message>
              <![CDATA[Actual number should be equal expected. expected [true] but found [false]]]>
            </message>
            <full-stacktrace>
              <![CDATA[java.lang.AssertionError: Actual number should be equal expected. expected [true] but found [false]
	at org.testng.Assert.fail(Assert.java:94)
	at org.testng.Assert.failNotEquals(Assert.java:494)
	at org.testng.Assert.assertTrue(Assert.java:42)
	at com.organization.automation.project.spice.mix.testng.extension.assertions.CustomAssert.assertEquals(CustomAssert.java:39)
	at com.organization.automation.project.spice.mix.testng.extension.assertions.CustomAssertUnitTests.testBigIntegerAssert_mixNumbersMoreCase(CustomAssertUnitTests.java:113)
	at sun.reflect.NativeMethodAccessorImpl.invoke0(Native Method)
	at sun.reflect.NativeMethodAccessorImpl.invoke(NativeMethodAccessorImpl.java:39)
	at sun.reflect.DelegatingMethodAccessorImpl.invoke(DelegatingMethodAccessorImpl.java:25)
	at java.lang.reflect.Method.invoke(Method.java:597)
	at org.testng.internal.MethodInvocationHelper.invokeMethod(MethodInvocationHelper.java:80)
	at org.testng.internal.Invoker.invokeMethod(Invoker.java:714)
	at org.testng.internal.Invoker.invokeTestMethod(Invoker.java:901)
	at org.testng.internal.Invoker.invokeTestMethods(Invoker.java:1231)
	at org.testng.internal.TestMethodWorker.invokeTestMethods(TestMethodWorker.java:127)
	at org.testng.internal.TestMethodWorker.run(TestMethodWorker.java:111)
	at org.testng.TestRunner.privateRun(TestRunner.java:767)
	at org.testng.TestRunner.run(TestRunner.java:617)
	at org.testng.SuiteRunner.runTest(SuiteRunner.java:334)
	at org.testng.SuiteRunner.runSequentially(SuiteRunner.java:329)
	at org.testng.SuiteRunner.privateRun(SuiteRunner.java:291)
	at org.testng.SuiteRunner.run(SuiteRunner.java:240)
	at org.testng.SuiteRunnerWorker.runSuite(SuiteRunnerWorker.java:52)
	at org.testng.SuiteRunnerWorker.run(SuiteRunnerWorker.java:86)
	at org.testng.TestNG.runSuitesSequentially(TestNG.java:1198)
	at org.testng.TestNG.runSuitesLocally(TestNG.java:1123)
	at org.testng.TestNG.run(TestNG.java:1031)
	at org.apache.maven.surefire.testng.TestNGExecutor.run(TestNGExecutor.java:73)
	at org.apache.maven.surefire.testng.TestNGXmlTestSuite.execute(TestNGXmlTestSuite.java:94)
	at org.apache.maven.surefire.Surefire.run(Surefire.java:169)
	at sun.reflect.NativeMethodAccessorImpl.invoke0(Native Method)
	at sun.reflect.NativeMethodAccessorImpl.invoke(NativeMethodAccessorImpl.java:39)
	at sun.reflect.DelegatingMethodAccessorImpl.invoke(DelegatingMethodAccessorImpl.java:25)
	at java.lang.reflect.Method.invoke(Method.java:597)
	at org.apache.maven.surefire.booter.SurefireBooter.runSuitesInProcess(SurefireBooter.java:350)
	at org.apache.maven.surefire.booter.SurefireBooter.main(SurefireBooter.java:1021)
]]>
            </full-stacktrace>
          </exception> <!-- java.lang.AssertionError -->
          <reporter-output>
          </reporter-output>
        </test-method> <!-- testBigIntegerAssert_mixNumbersMoreCase -->
        <test-method status="PASS" signature="testBigIntegerAssert_bigNumbersMoreCase()[pri:0, instance:com.organization.automation.project.spice.mix.testng.extension.assertions.CustomAssertUnitTests@1e152c5]" name="testBigIntegerAssert_bigNumbersMoreCase" duration-ms="0" started-at="2013-05-11T22:11:58Z" finished-at="2013-05-11T22:11:58Z">
          <exception class="java.lang.AssertionError">
            <message>
              <![CDATA[Actual number should be equal expected. expected [true] but found [false]]]>
            </message>
            <full-stacktrace>
              <![CDATA[java.lang.AssertionError: Actual number should be equal expected. expected [true] but found [false]
	at org.testng.Assert.fail(Assert.java:94)
	at org.testng.Assert.failNotEquals(Assert.java:494)
	at org.testng.Assert.assertTrue(Assert.java:42)
	at com.organization.automation.project.spice.mix.testng.extension.assertions.CustomAssert.assertEquals(CustomAssert.java:39)
	at com.organization.automation.project.spice.mix.testng.extension.assertions.CustomAssertUnitTests.testBigIntegerAssert_bigNumbersMoreCase(CustomAssertUnitTests.java:97)
	at sun.reflect.NativeMethodAccessorImpl.invoke0(Native Method)
	at sun.reflect.NativeMethodAccessorImpl.invoke(NativeMethodAccessorImpl.java:39)
	at sun.reflect.DelegatingMethodAccessorImpl.invoke(DelegatingMethodAccessorImpl.java:25)
	at java.lang.reflect.Method.invoke(Method.java:597)
	at org.testng.internal.MethodInvocationHelper.invokeMethod(MethodInvocationHelper.java:80)
	at org.testng.internal.Invoker.invokeMethod(Invoker.java:714)
	at org.testng.internal.Invoker.invokeTestMethod(Invoker.java:901)
	at org.testng.internal.Invoker.invokeTestMethods(Invoker.java:1231)
	at org.testng.internal.TestMethodWorker.invokeTestMethods(TestMethodWorker.java:127)
	at org.testng.internal.TestMethodWorker.run(TestMethodWorker.java:111)
	at org.testng.TestRunner.privateRun(TestRunner.java:767)
	at org.testng.TestRunner.run(TestRunner.java:617)
	at org.testng.SuiteRunner.runTest(SuiteRunner.java:334)
	at org.testng.SuiteRunner.runSequentially(SuiteRunner.java:329)
	at org.testng.SuiteRunner.privateRun(SuiteRunner.java:291)
	at org.testng.SuiteRunner.run(SuiteRunner.java:240)
	at org.testng.SuiteRunnerWorker.runSuite(SuiteRunnerWorker.java:52)
	at org.testng.SuiteRunnerWorker.run(SuiteRunnerWorker.java:86)
	at org.testng.TestNG.runSuitesSequentially(TestNG.java:1198)
	at org.testng.TestNG.runSuitesLocally(TestNG.java:1123)
	at org.testng.TestNG.run(TestNG.java:1031)
	at org.apache.maven.surefire.testng.TestNGExecutor.run(TestNGExecutor.java:73)
	at org.apache.maven.surefire.testng.TestNGXmlTestSuite.execute(TestNGXmlTestSuite.java:94)
	at org.apache.maven.surefire.Surefire.run(Surefire.java:169)
	at sun.reflect.NativeMethodAccessorImpl.invoke0(Native Method)
	at sun.reflect.NativeMethodAccessorImpl.invoke(NativeMethodAccessorImpl.java:39)
	at sun.reflect.DelegatingMethodAccessorImpl.invoke(DelegatingMethodAccessorImpl.java:25)
	at java.lang.reflect.Method.invoke(Method.java:597)
	at org.apache.maven.surefire.booter.SurefireBooter.runSuitesInProcess(SurefireBooter.java:350)
	at org.apache.maven.surefire.booter.SurefireBooter.main(SurefireBooter.java:1021)
]]>
            </full-stacktrace>
          </exception> <!-- java.lang.AssertionError -->
          <reporter-output>
          </reporter-output>
        </test-method> <!-- testBigIntegerAssert_bigNumbersMoreCase -->
        <test-method status="PASS" signature="testBigIntegerAssert_smallNumbersMoreCase()[pri:0, instance:com.organization.automation.project.spice.mix.testng.extension.assertions.CustomAssertUnitTests@1e152c5]" name="testBigIntegerAssert_smallNumbersMoreCase" duration-ms="16" started-at="2013-05-11T22:11:58Z" finished-at="2013-05-11T22:11:58Z">
          <exception class="java.lang.AssertionError">
            <message>
              <![CDATA[Actual number should be equal expected. expected [true] but found [false]]]>
            </message>
            <full-stacktrace>
              <![CDATA[java.lang.AssertionError: Actual number should be equal expected. expected [true] but found [false]
	at org.testng.Assert.fail(Assert.java:94)
	at org.testng.Assert.failNotEquals(Assert.java:494)
	at org.testng.Assert.assertTrue(Assert.java:42)
	at com.organization.automation.project.spice.mix.testng.extension.assertions.CustomAssert.assertEquals(CustomAssert.java:39)
	at com.organization.automation.project.spice.mix.testng.extension.assertions.CustomAssertUnitTests.testBigIntegerAssert_smallNumbersMoreCase(CustomAssertUnitTests.java:81)
	at sun.reflect.NativeMethodAccessorImpl.invoke0(Native Method)
	at sun.reflect.NativeMethodAccessorImpl.invoke(NativeMethodAccessorImpl.java:39)
	at sun.reflect.DelegatingMethodAccessorImpl.invoke(DelegatingMethodAccessorImpl.java:25)
	at java.lang.reflect.Method.invoke(Method.java:597)
	at org.testng.internal.MethodInvocationHelper.invokeMethod(MethodInvocationHelper.java:80)
	at org.testng.internal.Invoker.invokeMethod(Invoker.java:714)
	at org.testng.internal.Invoker.invokeTestMethod(Invoker.java:901)
	at org.testng.internal.Invoker.invokeTestMethods(Invoker.java:1231)
	at org.testng.internal.TestMethodWorker.invokeTestMethods(TestMethodWorker.java:127)
	at org.testng.internal.TestMethodWorker.run(TestMethodWorker.java:111)
	at org.testng.TestRunner.privateRun(TestRunner.java:767)
	at org.testng.TestRunner.run(TestRunner.java:617)
	at org.testng.SuiteRunner.runTest(SuiteRunner.java:334)
	at org.testng.SuiteRunner.runSequentially(SuiteRunner.java:329)
	at org.testng.SuiteRunner.privateRun(SuiteRunner.java:291)
	at org.testng.SuiteRunner.run(SuiteRunner.java:240)
	at org.testng.SuiteRunnerWorker.runSuite(SuiteRunnerWorker.java:52)
	at org.testng.SuiteRunnerWorker.run(SuiteRunnerWorker.java:86)
	at org.testng.TestNG.runSuitesSequentially(TestNG.java:1198)
	at org.testng.TestNG.runSuitesLocally(TestNG.java:1123)
	at org.testng.TestNG.run(TestNG.java:1031)
	at org.apache.maven.surefire.testng.TestNGExecutor.run(TestNGExecutor.java:73)
	at org.apache.maven.surefire.testng.TestNGXmlTestSuite.execute(TestNGXmlTestSuite.java:94)
	at org.apache.maven.surefire.Surefire.run(Surefire.java:169)
	at sun.reflect.NativeMethodAccessorImpl.invoke0(Native Method)
	at sun.reflect.NativeMethodAccessorImpl.invoke(NativeMethodAccessorImpl.java:39)
	at sun.reflect.DelegatingMethodAccessorImpl.invoke(DelegatingMethodAccessorImpl.java:25)
	at java.lang.reflect.Method.invoke(Method.java:597)
	at org.apache.maven.surefire.booter.SurefireBooter.runSuitesInProcess(SurefireBooter.java:350)
	at org.apache.maven.surefire.booter.SurefireBooter.main(SurefireBooter.java:1021)
]]>
            </full-stacktrace>
          </exception> <!-- java.lang.AssertionError -->
          <reporter-output>
          </reporter-output>
        </test-method> <!-- testBigIntegerAssert_smallNumbersMoreCase -->
        <test-method status="PASS" signature="testBigIntegerAssert_smallNumbersLessCase()[pri:0, instance:com.organization.automation.project.spice.mix.testng.extension.assertions.CustomAssertUnitTests@1e152c5]" name="testBigIntegerAssert_smallNumbersLessCase" duration-ms="0" started-at="2013-05-11T22:11:58Z" finished-at="2013-05-11T22:11:58Z">
          <exception class="java.lang.AssertionError">
            <message>
              <![CDATA[Actual number should be equal expected. expected [true] but found [false]]]>
            </message>
            <full-stacktrace>
              <![CDATA[java.lang.AssertionError: Actual number should be equal expected. expected [true] but found [false]
	at org.testng.Assert.fail(Assert.java:94)
	at org.testng.Assert.failNotEquals(Assert.java:494)
	at org.testng.Assert.assertTrue(Assert.java:42)
	at com.organization.automation.project.spice.mix.testng.extension.assertions.CustomAssert.assertEquals(CustomAssert.java:39)
	at com.organization.automation.project.spice.mix.testng.extension.assertions.CustomAssertUnitTests.testBigIntegerAssert_smallNumbersLessCase(CustomAssertUnitTests.java:89)
	at sun.reflect.NativeMethodAccessorImpl.invoke0(Native Method)
	at sun.reflect.NativeMethodAccessorImpl.invoke(NativeMethodAccessorImpl.java:39)
	at sun.reflect.DelegatingMethodAccessorImpl.invoke(DelegatingMethodAccessorImpl.java:25)
	at java.lang.reflect.Method.invoke(Method.java:597)
	at org.testng.internal.MethodInvocationHelper.invokeMethod(MethodInvocationHelper.java:80)
	at org.testng.internal.Invoker.invokeMethod(Invoker.java:714)
	at org.testng.internal.Invoker.invokeTestMethod(Invoker.java:901)
	at org.testng.internal.Invoker.invokeTestMethods(Invoker.java:1231)
	at org.testng.internal.TestMethodWorker.invokeTestMethods(TestMethodWorker.java:127)
	at org.testng.internal.TestMethodWorker.run(TestMethodWorker.java:111)
	at org.testng.TestRunner.privateRun(TestRunner.java:767)
	at org.testng.TestRunner.run(TestRunner.java:617)
	at org.testng.SuiteRunner.runTest(SuiteRunner.java:334)
	at org.testng.SuiteRunner.runSequentially(SuiteRunner.java:329)
	at org.testng.SuiteRunner.privateRun(SuiteRunner.java:291)
	at org.testng.SuiteRunner.run(SuiteRunner.java:240)
	at org.testng.SuiteRunnerWorker.runSuite(SuiteRunnerWorker.java:52)
	at org.testng.SuiteRunnerWorker.run(SuiteRunnerWorker.java:86)
	at org.testng.TestNG.runSuitesSequentially(TestNG.java:1198)
	at org.testng.TestNG.runSuitesLocally(TestNG.java:1123)
	at org.testng.TestNG.run(TestNG.java:1031)
	at org.apache.maven.surefire.testng.TestNGExecutor.run(TestNGExecutor.java:73)
	at org.apache.maven.surefire.testng.TestNGXmlTestSuite.execute(TestNGXmlTestSuite.java:94)
	at org.apache.maven.surefire.Surefire.run(Surefire.java:169)
	at sun.reflect.NativeMethodAccessorImpl.invoke0(Native Method)
	at sun.reflect.NativeMethodAccessorImpl.invoke(NativeMethodAccessorImpl.java:39)
	at sun.reflect.DelegatingMethodAccessorImpl.invoke(DelegatingMethodAccessorImpl.java:25)
	at java.lang.reflect.Method.invoke(Method.java:597)
	at org.apache.maven.surefire.booter.SurefireBooter.runSuitesInProcess(SurefireBooter.java:350)
	at org.apache.maven.surefire.booter.SurefireBooter.main(SurefireBooter.java:1021)
]]>
            </full-stacktrace>
          </exception> <!-- java.lang.AssertionError -->
          <reporter-output>
          </reporter-output>
        </test-method> <!-- testBigIntegerAssert_smallNumbersLessCase -->
      </class> <!-- com.organization.automation.project.spice.mix.testng.extension.assertions.CustomAssertUnitTests -->
    </test> <!-- AcceptanceTests -->
  </suite> <!-- Automation Project Test Suite -->
</testng-results>
