<html>
<head>
<title>TestNG:  AcceptanceTests</title>
<link href="../testng.css" rel="stylesheet" type="text/css" />
<link href="../my-testng.css" rel="stylesheet" type="text/css" />

<style type="text/css">
.log { display: none;} 
.stack-trace { display: none;} 
</style>
<script type="text/javascript">
<!--
function flip(e) {
  current = e.style.display;
  if (current == 'block') {
    e.style.display = 'none';
    return 0;
  }
  else {
    e.style.display = 'block';
    return 1;
  }
}

function toggleBox(szDivId, elem, msg1, msg2)
{
  var res = -1;  if (document.getElementById) {
    res = flip(document.getElementById(szDivId));
  }
  else if (document.all) {
    // this is the way old msie versions work
    res = flip(document.all[szDivId]);
  }
  if(elem) {
    if(res == 0) elem.innerHTML = msg1; else elem.innerHTML = msg2;
  }

}

function toggleAllBoxes() {
  if (document.getElementsByTagName) {
    d = document.getElementsByTagName('div');
    for (i = 0; i < d.length; i++) {
      if (d[i].className == 'log') {
        flip(d[i]);
      }
    }
  }
}

// -->
</script>

</head>
<body>
<h2 align='center'>AcceptanceTests</h2><table border='1' align="center">
<tr>
<td>Tests passed/Failed/Skipped:</td><td>15/0/0</td>
</tr><tr>
<td>Started on:</td><td>Sat May 11 22:57:22 GMT+03:00 2013</td>
</tr>
<tr><td>Total time:</td><td>1 seconds (1078 ms)</td>
</tr><tr>
<td>Included groups:</td><td>GuiceProxyTests UnitTests CustomAssertTests InitializationTests All </td>
</tr><tr>
<td>Excluded groups:</td><td></td>
</tr>
</table><p/>
<small><i>(Hover the method name to see the test class name)</i></small><p/>
<table width='100%' border='1' class='invocation-passed'>
<tr><td colspan='4' align='center'><b>PASSED TESTS</b></td></tr>
<tr><td><b>Test method</b></td>
<td width="30%"><b>Exception</b></td>
<td width="10%"><b>Time (seconds)</b></td>
<td><b>Instance</b></td>
</tr>
<tr>
<td title='com.organization.automation.project.spice.mix.testng.extension.aop.guice.InitializationTests_TestSet.isLocalTAFEnvOK()'><b>isLocalTAFEnvOK</b><br>Test class: com.organization.automation.project.spice.mix.testng.extension.aop.guice.InitializationTests_TestSet</td>
<td></td>
<td>0</td>
<td>com.organization.automation.project.spice.mix.testng.extension.aop.guice.InitializationTests_TestSet@1b09468</td></tr>
<tr>
<td title='com.organization.automation.project.spice.mix.testng.extension.aop.guice.InitializationTests_TestSet.isQAEnvOK()'><b>isQAEnvOK</b><br>Test class: com.organization.automation.project.spice.mix.testng.extension.aop.guice.InitializationTests_TestSet</td>
<td></td>
<td>0</td>
<td>com.organization.automation.project.spice.mix.testng.extension.aop.guice.InitializationTests_TestSet@1b09468</td></tr>
<tr>
<td title='com.organization.automation.project.spice.mix.testng.extension.aop.guice.GuiceProxyUnitTests.testAspectJSpringProxy_PositiveCase()'><b>testAspectJSpringProxy_PositiveCase</b><br>Test class: com.organization.automation.project.spice.mix.testng.extension.aop.guice.GuiceProxyUnitTests<br>Parameters: com.organization.automation.project.spice.mix.testng.test.AbstractTestCase@1829e6f, com.organization.automation.project.spice.mix.aop.guice.TCProxy@6fa9fc</td>
<td></td>
<td>0</td>
<td>com.organization.automation.project.spice.mix.testng.extension.aop.guice.GuiceProxyUnitTests@78a212</td></tr>
<tr>
<td title='com.organization.automation.project.spice.mix.testng.extension.aop.guice.GuiceProxyUnitTests.testAspectJSpringProxy_PositiveCaseWithAspect()'><b>testAspectJSpringProxy_PositiveCaseWithAspect</b><br>Test class: com.organization.automation.project.spice.mix.testng.extension.aop.guice.GuiceProxyUnitTests<br>Parameters: com.organization.automation.project.spice.mix.testng.test.AbstractTestCase@100ebec, com.organization.automation.project.spice.mix.aop.guice.TCProxy@180f96c</td>
<td></td>
<td>0</td>
<td>com.organization.automation.project.spice.mix.testng.extension.aop.guice.GuiceProxyUnitTests@78a212</td></tr>
<tr>
<td title='com.organization.automation.project.spice.mix.testng.extension.aop.guice.GuiceProxyUnitTests.testAspectJSpringProxy_PositiveCaseWithConstructorParameter()'><b>testAspectJSpringProxy_PositiveCaseWithConstructorParameter</b><br>Test class: com.organization.automation.project.spice.mix.testng.extension.aop.guice.GuiceProxyUnitTests<br>Parameters: com.organization.automation.project.spice.mix.testng.test.AssistedAbstractTestCase$$EnhancerByGuice$$4feb3bc2@7736bd, 100</td>
<td></td>
<td>0</td>
<td>com.organization.automation.project.spice.mix.testng.extension.aop.guice.GuiceProxyUnitTests@78a212</td></tr>
<tr>
<td title='com.organization.automation.project.spice.mix.testng.extension.assertions.CustomAssertUnitTests.testBigIntegerAssert_bigNumbersCase()'><b>testBigIntegerAssert_bigNumbersCase</b><br>Test class: com.organization.automation.project.spice.mix.testng.extension.assertions.CustomAssertUnitTests</td>
<td></td>
<td>0</td>
<td>com.organization.automation.project.spice.mix.testng.extension.assertions.CustomAssertUnitTests@2e7820</td></tr>
<tr>
<td title='com.organization.automation.project.spice.mix.testng.extension.assertions.CustomAssertUnitTests.testBigIntegerAssert_bigNumbersEqualObjectCase()'><b>testBigIntegerAssert_bigNumbersEqualObjectCase</b><br>Test class: com.organization.automation.project.spice.mix.testng.extension.assertions.CustomAssertUnitTests</td>
<td></td>
<td>0</td>
<td>com.organization.automation.project.spice.mix.testng.extension.assertions.CustomAssertUnitTests@2e7820</td></tr>
<tr>
<td title='com.organization.automation.project.spice.mix.testng.extension.assertions.CustomAssertUnitTests.testBigIntegerAssert_bigNumbersLessCase()'><b>testBigIntegerAssert_bigNumbersLessCase</b><br>Test class: com.organization.automation.project.spice.mix.testng.extension.assertions.CustomAssertUnitTests</td>
<td><div><pre>java.lang.AssertionError: Actual number should be equal expected. expected [true] but found [false]
	at com.organization.automation.project.spice.mix.testng.extension.assertions.CustomAssert.assertEquals(CustomAssert.java:39)
	at com.organization.automation.project.spice.mix.testng.extension.assertions.CustomAssertUnitTests.testBigIntegerAssert_bigNumbersLessCase(CustomAssertUnitTests.java:105)
	at org.apache.maven.surefire.testng.TestNGExecutor.run(TestNGExecutor.java:73)
	at org.apache.maven.surefire.testng.TestNGXmlTestSuite.execute(TestNGXmlTestSuite.java:94)
	at org.apache.maven.surefire.Surefire.run(Surefire.java:169)
	at org.apache.maven.surefire.booter.SurefireBooter.runSuitesInProcess(SurefireBooter.java:350)
	at org.apache.maven.surefire.booter.SurefireBooter.main(SurefireBooter.java:1021)
... Removed 28 stack frames</pre></div><a href='#' onClick='toggleBox("stack-trace10446619", this, "Click to show all stack frames", "Click to hide stack frames")'>Click to show all stack frames</a>
<div class='stack-trace' id='stack-trace10446619'><pre>java.lang.AssertionError: Actual number should be equal expected. expected [true] but found [false]
	at org.testng.Assert.fail(Assert.java:94)
	at org.testng.Assert.failNotEquals(Assert.java:494)
	at org.testng.Assert.assertTrue(Assert.java:42)
	at com.organization.automation.project.spice.mix.testng.extension.assertions.CustomAssert.assertEquals(CustomAssert.java:39)
	at com.organization.automation.project.spice.mix.testng.extension.assertions.CustomAssertUnitTests.testBigIntegerAssert_bigNumbersLessCase(CustomAssertUnitTests.java:105)
	at sun.reflect.NativeMethodAccessorImpl.invoke0(Native Method)
	at sun.reflect.NativeMethodAccessorImpl.invoke(NativeMethodAccessorImpl.java:39)
	at sun.reflect.DelegatingMethodAccessorImpl.invoke(DelegatingMethodAccessorImpl.java:25)
	at java.lang.reflect.Method.invoke(Method.java:597)
	at org.testng.internal.MethodInvocationHelper.invokeMethod(MethodInvocationHelper.java:80)
	at org.testng.internal.Invoker.invokeMethod(Invoker.java:714)
	at org.testng.internal.Invoker.invokeTestMethod(Invoker.java:901)
	at org.testng.internal.Invoker.invokeTestMethods(Invoker.java:1231)
	at org.testng.internal.TestMethodWorker.invokeTestMethods(TestMethodWorker.java:127)
	at org.testng.internal.TestMethodWorker.run(TestMethodWorker.java:111)
	at org.testng.TestRunner.privateRun(TestRunner.java:767)
	at org.testng.TestRunner.run(TestRunner.java:617)
	at org.testng.SuiteRunner.runTest(SuiteRunner.java:334)
	at org.testng.SuiteRunner.runSequentially(SuiteRunner.java:329)
	at org.testng.SuiteRunner.privateRun(SuiteRunner.java:291)
	at org.testng.SuiteRunner.run(SuiteRunner.java:240)
	at org.testng.SuiteRunnerWorker.runSuite(SuiteRunnerWorker.java:52)
	at org.testng.SuiteRunnerWorker.run(SuiteRunnerWorker.java:86)
	at org.testng.TestNG.runSuitesSequentially(TestNG.java:1198)
	at org.testng.TestNG.runSuitesLocally(TestNG.java:1123)
	at org.testng.TestNG.run(TestNG.java:1031)
	at org.apache.maven.surefire.testng.TestNGExecutor.run(TestNGExecutor.java:73)
	at org.apache.maven.surefire.testng.TestNGXmlTestSuite.execute(TestNGXmlTestSuite.java:94)
	at org.apache.maven.surefire.Surefire.run(Surefire.java:169)
	at sun.reflect.NativeMethodAccessorImpl.invoke0(Native Method)
	at sun.reflect.NativeMethodAccessorImpl.invoke(NativeMethodAccessorImpl.java:39)
	at sun.reflect.DelegatingMethodAccessorImpl.invoke(DelegatingMethodAccessorImpl.java:25)
	at java.lang.reflect.Method.invoke(Method.java:597)
	at org.apache.maven.surefire.booter.SurefireBooter.runSuitesInProcess(SurefireBooter.java:350)
	at org.apache.maven.surefire.booter.SurefireBooter.main(SurefireBooter.java:1021)
</pre></div></td>
<td>0</td>
<td>com.organization.automation.project.spice.mix.testng.extension.assertions.CustomAssertUnitTests@2e7820</td></tr>
<tr>
<td title='com.organization.automation.project.spice.mix.testng.extension.assertions.CustomAssertUnitTests.testBigIntegerAssert_bigNumbersMoreCase()'><b>testBigIntegerAssert_bigNumbersMoreCase</b><br>Test class: com.organization.automation.project.spice.mix.testng.extension.assertions.CustomAssertUnitTests</td>
<td><div><pre>java.lang.AssertionError: Actual number should be equal expected. expected [true] but found [false]
	at com.organization.automation.project.spice.mix.testng.extension.assertions.CustomAssert.assertEquals(CustomAssert.java:39)
	at com.organization.automation.project.spice.mix.testng.extension.assertions.CustomAssertUnitTests.testBigIntegerAssert_bigNumbersMoreCase(CustomAssertUnitTests.java:97)
	at org.apache.maven.surefire.testng.TestNGExecutor.run(TestNGExecutor.java:73)
	at org.apache.maven.surefire.testng.TestNGXmlTestSuite.execute(TestNGXmlTestSuite.java:94)
	at org.apache.maven.surefire.Surefire.run(Surefire.java:169)
	at org.apache.maven.surefire.booter.SurefireBooter.runSuitesInProcess(SurefireBooter.java:350)
	at org.apache.maven.surefire.booter.SurefireBooter.main(SurefireBooter.java:1021)
... Removed 28 stack frames</pre></div><a href='#' onClick='toggleBox("stack-trace10933534", this, "Click to show all stack frames", "Click to hide stack frames")'>Click to show all stack frames</a>
<div class='stack-trace' id='stack-trace10933534'><pre>java.lang.AssertionError: Actual number should be equal expected. expected [true] but found [false]
	at org.testng.Assert.fail(Assert.java:94)
	at org.testng.Assert.failNotEquals(Assert.java:494)
	at org.testng.Assert.assertTrue(Assert.java:42)
	at com.organization.automation.project.spice.mix.testng.extension.assertions.CustomAssert.assertEquals(CustomAssert.java:39)
	at com.organization.automation.project.spice.mix.testng.extension.assertions.CustomAssertUnitTests.testBigIntegerAssert_bigNumbersMoreCase(CustomAssertUnitTests.java:97)
	at sun.reflect.NativeMethodAccessorImpl.invoke0(Native Method)
	at sun.reflect.NativeMethodAccessorImpl.invoke(NativeMethodAccessorImpl.java:39)
	at sun.reflect.DelegatingMethodAccessorImpl.invoke(DelegatingMethodAccessorImpl.java:25)
	at java.lang.reflect.Method.invoke(Method.java:597)
	at org.testng.internal.MethodInvocationHelper.invokeMethod(MethodInvocationHelper.java:80)
	at org.testng.internal.Invoker.invokeMethod(Invoker.java:714)
	at org.testng.internal.Invoker.invokeTestMethod(Invoker.java:901)
	at org.testng.internal.Invoker.invokeTestMethods(Invoker.java:1231)
	at org.testng.internal.TestMethodWorker.invokeTestMethods(TestMethodWorker.java:127)
	at org.testng.internal.TestMethodWorker.run(TestMethodWorker.java:111)
	at org.testng.TestRunner.privateRun(TestRunner.java:767)
	at org.testng.TestRunner.run(TestRunner.java:617)
	at org.testng.SuiteRunner.runTest(SuiteRunner.java:334)
	at org.testng.SuiteRunner.runSequentially(SuiteRunner.java:329)
	at org.testng.SuiteRunner.privateRun(SuiteRunner.java:291)
	at org.testng.SuiteRunner.run(SuiteRunner.java:240)
	at org.testng.SuiteRunnerWorker.runSuite(SuiteRunnerWorker.java:52)
	at org.testng.SuiteRunnerWorker.run(SuiteRunnerWorker.java:86)
	at org.testng.TestNG.runSuitesSequentially(TestNG.java:1198)
	at org.testng.TestNG.runSuitesLocally(TestNG.java:1123)
	at org.testng.TestNG.run(TestNG.java:1031)
	at org.apache.maven.surefire.testng.TestNGExecutor.run(TestNGExecutor.java:73)
	at org.apache.maven.surefire.testng.TestNGXmlTestSuite.execute(TestNGXmlTestSuite.java:94)
	at org.apache.maven.surefire.Surefire.run(Surefire.java:169)
	at sun.reflect.NativeMethodAccessorImpl.invoke0(Native Method)
	at sun.reflect.NativeMethodAccessorImpl.invoke(NativeMethodAccessorImpl.java:39)
	at sun.reflect.DelegatingMethodAccessorImpl.invoke(DelegatingMethodAccessorImpl.java:25)
	at java.lang.reflect.Method.invoke(Method.java:597)
	at org.apache.maven.surefire.booter.SurefireBooter.runSuitesInProcess(SurefireBooter.java:350)
	at org.apache.maven.surefire.booter.SurefireBooter.main(SurefireBooter.java:1021)
</pre></div></td>
<td>0</td>
<td>com.organization.automation.project.spice.mix.testng.extension.assertions.CustomAssertUnitTests@2e7820</td></tr>
<tr>
<td title='com.organization.automation.project.spice.mix.testng.extension.assertions.CustomAssertUnitTests.testBigIntegerAssert_mixNumbersLessCase()'><b>testBigIntegerAssert_mixNumbersLessCase</b><br>Test class: com.organization.automation.project.spice.mix.testng.extension.assertions.CustomAssertUnitTests</td>
<td><div><pre>java.lang.AssertionError: Actual number should be equal expected. expected [true] but found [false]
	at com.organization.automation.project.spice.mix.testng.extension.assertions.CustomAssert.assertEquals(CustomAssert.java:39)
	at com.organization.automation.project.spice.mix.testng.extension.assertions.CustomAssertUnitTests.testBigIntegerAssert_mixNumbersLessCase(CustomAssertUnitTests.java:121)
	at org.apache.maven.surefire.testng.TestNGExecutor.run(TestNGExecutor.java:73)
	at org.apache.maven.surefire.testng.TestNGXmlTestSuite.execute(TestNGXmlTestSuite.java:94)
	at org.apache.maven.surefire.Surefire.run(Surefire.java:169)
	at org.apache.maven.surefire.booter.SurefireBooter.runSuitesInProcess(SurefireBooter.java:350)
	at org.apache.maven.surefire.booter.SurefireBooter.main(SurefireBooter.java:1021)
... Removed 28 stack frames</pre></div><a href='#' onClick='toggleBox("stack-trace4909906", this, "Click to show all stack frames", "Click to hide stack frames")'>Click to show all stack frames</a>
<div class='stack-trace' id='stack-trace4909906'><pre>java.lang.AssertionError: Actual number should be equal expected. expected [true] but found [false]
	at org.testng.Assert.fail(Assert.java:94)
	at org.testng.Assert.failNotEquals(Assert.java:494)
	at org.testng.Assert.assertTrue(Assert.java:42)
	at com.organization.automation.project.spice.mix.testng.extension.assertions.CustomAssert.assertEquals(CustomAssert.java:39)
	at com.organization.automation.project.spice.mix.testng.extension.assertions.CustomAssertUnitTests.testBigIntegerAssert_mixNumbersLessCase(CustomAssertUnitTests.java:121)
	at sun.reflect.NativeMethodAccessorImpl.invoke0(Native Method)
	at sun.reflect.NativeMethodAccessorImpl.invoke(NativeMethodAccessorImpl.java:39)
	at sun.reflect.DelegatingMethodAccessorImpl.invoke(DelegatingMethodAccessorImpl.java:25)
	at java.lang.reflect.Method.invoke(Method.java:597)
	at org.testng.internal.MethodInvocationHelper.invokeMethod(MethodInvocationHelper.java:80)
	at org.testng.internal.Invoker.invokeMethod(Invoker.java:714)
	at org.testng.internal.Invoker.invokeTestMethod(Invoker.java:901)
	at org.testng.internal.Invoker.invokeTestMethods(Invoker.java:1231)
	at org.testng.internal.TestMethodWorker.invokeTestMethods(TestMethodWorker.java:127)
	at org.testng.internal.TestMethodWorker.run(TestMethodWorker.java:111)
	at org.testng.TestRunner.privateRun(TestRunner.java:767)
	at org.testng.TestRunner.run(TestRunner.java:617)
	at org.testng.SuiteRunner.runTest(SuiteRunner.java:334)
	at org.testng.SuiteRunner.runSequentially(SuiteRunner.java:329)
	at org.testng.SuiteRunner.privateRun(SuiteRunner.java:291)
	at org.testng.SuiteRunner.run(SuiteRunner.java:240)
	at org.testng.SuiteRunnerWorker.runSuite(SuiteRunnerWorker.java:52)
	at org.testng.SuiteRunnerWorker.run(SuiteRunnerWorker.java:86)
	at org.testng.TestNG.runSuitesSequentially(TestNG.java:1198)
	at org.testng.TestNG.runSuitesLocally(TestNG.java:1123)
	at org.testng.TestNG.run(TestNG.java:1031)
	at org.apache.maven.surefire.testng.TestNGExecutor.run(TestNGExecutor.java:73)
	at org.apache.maven.surefire.testng.TestNGXmlTestSuite.execute(TestNGXmlTestSuite.java:94)
	at org.apache.maven.surefire.Surefire.run(Surefire.java:169)
	at sun.reflect.NativeMethodAccessorImpl.invoke0(Native Method)
	at sun.reflect.NativeMethodAccessorImpl.invoke(NativeMethodAccessorImpl.java:39)
	at sun.reflect.DelegatingMethodAccessorImpl.invoke(DelegatingMethodAccessorImpl.java:25)
	at java.lang.reflect.Method.invoke(Method.java:597)
	at org.apache.maven.surefire.booter.SurefireBooter.runSuitesInProcess(SurefireBooter.java:350)
	at org.apache.maven.surefire.booter.SurefireBooter.main(SurefireBooter.java:1021)
</pre></div></td>
<td>0</td>
<td>com.organization.automation.project.spice.mix.testng.extension.assertions.CustomAssertUnitTests@2e7820</td></tr>
<tr>
<td title='com.organization.automation.project.spice.mix.testng.extension.assertions.CustomAssertUnitTests.testBigIntegerAssert_mixNumbersMoreCase()'><b>testBigIntegerAssert_mixNumbersMoreCase</b><br>Test class: com.organization.automation.project.spice.mix.testng.extension.assertions.CustomAssertUnitTests</td>
<td><div><pre>java.lang.AssertionError: Actual number should be equal expected. expected [true] but found [false]
	at com.organization.automation.project.spice.mix.testng.extension.assertions.CustomAssert.assertEquals(CustomAssert.java:39)
	at com.organization.automation.project.spice.mix.testng.extension.assertions.CustomAssertUnitTests.testBigIntegerAssert_mixNumbersMoreCase(CustomAssertUnitTests.java:113)
	at org.apache.maven.surefire.testng.TestNGExecutor.run(TestNGExecutor.java:73)
	at org.apache.maven.surefire.testng.TestNGXmlTestSuite.execute(TestNGXmlTestSuite.java:94)
	at org.apache.maven.surefire.Surefire.run(Surefire.java:169)
	at org.apache.maven.surefire.booter.SurefireBooter.runSuitesInProcess(SurefireBooter.java:350)
	at org.apache.maven.surefire.booter.SurefireBooter.main(SurefireBooter.java:1021)
... Removed 28 stack frames</pre></div><a href='#' onClick='toggleBox("stack-trace10807107", this, "Click to show all stack frames", "Click to hide stack frames")'>Click to show all stack frames</a>
<div class='stack-trace' id='stack-trace10807107'><pre>java.lang.AssertionError: Actual number should be equal expected. expected [true] but found [false]
	at org.testng.Assert.fail(Assert.java:94)
	at org.testng.Assert.failNotEquals(Assert.java:494)
	at org.testng.Assert.assertTrue(Assert.java:42)
	at com.organization.automation.project.spice.mix.testng.extension.assertions.CustomAssert.assertEquals(CustomAssert.java:39)
	at com.organization.automation.project.spice.mix.testng.extension.assertions.CustomAssertUnitTests.testBigIntegerAssert_mixNumbersMoreCase(CustomAssertUnitTests.java:113)
	at sun.reflect.NativeMethodAccessorImpl.invoke0(Native Method)
	at sun.reflect.NativeMethodAccessorImpl.invoke(NativeMethodAccessorImpl.java:39)
	at sun.reflect.DelegatingMethodAccessorImpl.invoke(DelegatingMethodAccessorImpl.java:25)
	at java.lang.reflect.Method.invoke(Method.java:597)
	at org.testng.internal.MethodInvocationHelper.invokeMethod(MethodInvocationHelper.java:80)
	at org.testng.internal.Invoker.invokeMethod(Invoker.java:714)
	at org.testng.internal.Invoker.invokeTestMethod(Invoker.java:901)
	at org.testng.internal.Invoker.invokeTestMethods(Invoker.java:1231)
	at org.testng.internal.TestMethodWorker.invokeTestMethods(TestMethodWorker.java:127)
	at org.testng.internal.TestMethodWorker.run(TestMethodWorker.java:111)
	at org.testng.TestRunner.privateRun(TestRunner.java:767)
	at org.testng.TestRunner.run(TestRunner.java:617)
	at org.testng.SuiteRunner.runTest(SuiteRunner.java:334)
	at org.testng.SuiteRunner.runSequentially(SuiteRunner.java:329)
	at org.testng.SuiteRunner.privateRun(SuiteRunner.java:291)
	at org.testng.SuiteRunner.run(SuiteRunner.java:240)
	at org.testng.SuiteRunnerWorker.runSuite(SuiteRunnerWorker.java:52)
	at org.testng.SuiteRunnerWorker.run(SuiteRunnerWorker.java:86)
	at org.testng.TestNG.runSuitesSequentially(TestNG.java:1198)
	at org.testng.TestNG.runSuitesLocally(TestNG.java:1123)
	at org.testng.TestNG.run(TestNG.java:1031)
	at org.apache.maven.surefire.testng.TestNGExecutor.run(TestNGExecutor.java:73)
	at org.apache.maven.surefire.testng.TestNGXmlTestSuite.execute(TestNGXmlTestSuite.java:94)
	at org.apache.maven.surefire.Surefire.run(Surefire.java:169)
	at sun.reflect.NativeMethodAccessorImpl.invoke0(Native Method)
	at sun.reflect.NativeMethodAccessorImpl.invoke(NativeMethodAccessorImpl.java:39)
	at sun.reflect.DelegatingMethodAccessorImpl.invoke(DelegatingMethodAccessorImpl.java:25)
	at java.lang.reflect.Method.invoke(Method.java:597)
	at org.apache.maven.surefire.booter.SurefireBooter.runSuitesInProcess(SurefireBooter.java:350)
	at org.apache.maven.surefire.booter.SurefireBooter.main(SurefireBooter.java:1021)
</pre></div></td>
<td>0</td>
<td>com.organization.automation.project.spice.mix.testng.extension.assertions.CustomAssertUnitTests@2e7820</td></tr>
<tr>
<td title='com.organization.automation.project.spice.mix.testng.extension.assertions.CustomAssertUnitTests.testBigIntegerAssert_smallNumbersCase()'><b>testBigIntegerAssert_smallNumbersCase</b><br>Test class: com.organization.automation.project.spice.mix.testng.extension.assertions.CustomAssertUnitTests</td>
<td></td>
<td>0</td>
<td>com.organization.automation.project.spice.mix.testng.extension.assertions.CustomAssertUnitTests@2e7820</td></tr>
<tr>
<td title='com.organization.automation.project.spice.mix.testng.extension.assertions.CustomAssertUnitTests.testBigIntegerAssert_smallNumbersLessCase()'><b>testBigIntegerAssert_smallNumbersLessCase</b><br>Test class: com.organization.automation.project.spice.mix.testng.extension.assertions.CustomAssertUnitTests</td>
<td><div><pre>java.lang.AssertionError: Actual number should be equal expected. expected [true] but found [false]
	at com.organization.automation.project.spice.mix.testng.extension.assertions.CustomAssert.assertEquals(CustomAssert.java:39)
	at com.organization.automation.project.spice.mix.testng.extension.assertions.CustomAssertUnitTests.testBigIntegerAssert_smallNumbersLessCase(CustomAssertUnitTests.java:89)
	at org.apache.maven.surefire.testng.TestNGExecutor.run(TestNGExecutor.java:73)
	at org.apache.maven.surefire.testng.TestNGXmlTestSuite.execute(TestNGXmlTestSuite.java:94)
	at org.apache.maven.surefire.Surefire.run(Surefire.java:169)
	at org.apache.maven.surefire.booter.SurefireBooter.runSuitesInProcess(SurefireBooter.java:350)
	at org.apache.maven.surefire.booter.SurefireBooter.main(SurefireBooter.java:1021)
... Removed 28 stack frames</pre></div><a href='#' onClick='toggleBox("stack-trace19543955", this, "Click to show all stack frames", "Click to hide stack frames")'>Click to show all stack frames</a>
<div class='stack-trace' id='stack-trace19543955'><pre>java.lang.AssertionError: Actual number should be equal expected. expected [true] but found [false]
	at org.testng.Assert.fail(Assert.java:94)
	at org.testng.Assert.failNotEquals(Assert.java:494)
	at org.testng.Assert.assertTrue(Assert.java:42)
	at com.organization.automation.project.spice.mix.testng.extension.assertions.CustomAssert.assertEquals(CustomAssert.java:39)
	at com.organization.automation.project.spice.mix.testng.extension.assertions.CustomAssertUnitTests.testBigIntegerAssert_smallNumbersLessCase(CustomAssertUnitTests.java:89)
	at sun.reflect.NativeMethodAccessorImpl.invoke0(Native Method)
	at sun.reflect.NativeMethodAccessorImpl.invoke(NativeMethodAccessorImpl.java:39)
	at sun.reflect.DelegatingMethodAccessorImpl.invoke(DelegatingMethodAccessorImpl.java:25)
	at java.lang.reflect.Method.invoke(Method.java:597)
	at org.testng.internal.MethodInvocationHelper.invokeMethod(MethodInvocationHelper.java:80)
	at org.testng.internal.Invoker.invokeMethod(Invoker.java:714)
	at org.testng.internal.Invoker.invokeTestMethod(Invoker.java:901)
	at org.testng.internal.Invoker.invokeTestMethods(Invoker.java:1231)
	at org.testng.internal.TestMethodWorker.invokeTestMethods(TestMethodWorker.java:127)
	at org.testng.internal.TestMethodWorker.run(TestMethodWorker.java:111)
	at org.testng.TestRunner.privateRun(TestRunner.java:767)
	at org.testng.TestRunner.run(TestRunner.java:617)
	at org.testng.SuiteRunner.runTest(SuiteRunner.java:334)
	at org.testng.SuiteRunner.runSequentially(SuiteRunner.java:329)
	at org.testng.SuiteRunner.privateRun(SuiteRunner.java:291)
	at org.testng.SuiteRunner.run(SuiteRunner.java:240)
	at org.testng.SuiteRunnerWorker.runSuite(SuiteRunnerWorker.java:52)
	at org.testng.SuiteRunnerWorker.run(SuiteRunnerWorker.java:86)
	at org.testng.TestNG.runSuitesSequentially(TestNG.java:1198)
	at org.testng.TestNG.runSuitesLocally(TestNG.java:1123)
	at org.testng.TestNG.run(TestNG.java:1031)
	at org.apache.maven.surefire.testng.TestNGExecutor.run(TestNGExecutor.java:73)
	at org.apache.maven.surefire.testng.TestNGXmlTestSuite.execute(TestNGXmlTestSuite.java:94)
	at org.apache.maven.surefire.Surefire.run(Surefire.java:169)
	at sun.reflect.NativeMethodAccessorImpl.invoke0(Native Method)
	at sun.reflect.NativeMethodAccessorImpl.invoke(NativeMethodAccessorImpl.java:39)
	at sun.reflect.DelegatingMethodAccessorImpl.invoke(DelegatingMethodAccessorImpl.java:25)
	at java.lang.reflect.Method.invoke(Method.java:597)
	at org.apache.maven.surefire.booter.SurefireBooter.runSuitesInProcess(SurefireBooter.java:350)
	at org.apache.maven.surefire.booter.SurefireBooter.main(SurefireBooter.java:1021)
</pre></div></td>
<td>0</td>
<td>com.organization.automation.project.spice.mix.testng.extension.assertions.CustomAssertUnitTests@2e7820</td></tr>
<tr>
<td title='com.organization.automation.project.spice.mix.testng.extension.assertions.CustomAssertUnitTests.testBigIntegerAssert_smallNumbersMoreCase()'><b>testBigIntegerAssert_smallNumbersMoreCase</b><br>Test class: com.organization.automation.project.spice.mix.testng.extension.assertions.CustomAssertUnitTests</td>
<td><div><pre>java.lang.AssertionError: Actual number should be equal expected. expected [true] but found [false]
	at com.organization.automation.project.spice.mix.testng.extension.assertions.CustomAssert.assertEquals(CustomAssert.java:39)
	at com.organization.automation.project.spice.mix.testng.extension.assertions.CustomAssertUnitTests.testBigIntegerAssert_smallNumbersMoreCase(CustomAssertUnitTests.java:81)
	at org.apache.maven.surefire.testng.TestNGExecutor.run(TestNGExecutor.java:73)
	at org.apache.maven.surefire.testng.TestNGXmlTestSuite.execute(TestNGXmlTestSuite.java:94)
	at org.apache.maven.surefire.Surefire.run(Surefire.java:169)
	at org.apache.maven.surefire.booter.SurefireBooter.runSuitesInProcess(SurefireBooter.java:350)
	at org.apache.maven.surefire.booter.SurefireBooter.main(SurefireBooter.java:1021)
... Removed 28 stack frames</pre></div><a href='#' onClick='toggleBox("stack-trace15842168", this, "Click to show all stack frames", "Click to hide stack frames")'>Click to show all stack frames</a>
<div class='stack-trace' id='stack-trace15842168'><pre>java.lang.AssertionError: Actual number should be equal expected. expected [true] but found [false]
	at org.testng.Assert.fail(Assert.java:94)
	at org.testng.Assert.failNotEquals(Assert.java:494)
	at org.testng.Assert.assertTrue(Assert.java:42)
	at com.organization.automation.project.spice.mix.testng.extension.assertions.CustomAssert.assertEquals(CustomAssert.java:39)
	at com.organization.automation.project.spice.mix.testng.extension.assertions.CustomAssertUnitTests.testBigIntegerAssert_smallNumbersMoreCase(CustomAssertUnitTests.java:81)
	at sun.reflect.NativeMethodAccessorImpl.invoke0(Native Method)
	at sun.reflect.NativeMethodAccessorImpl.invoke(NativeMethodAccessorImpl.java:39)
	at sun.reflect.DelegatingMethodAccessorImpl.invoke(DelegatingMethodAccessorImpl.java:25)
	at java.lang.reflect.Method.invoke(Method.java:597)
	at org.testng.internal.MethodInvocationHelper.invokeMethod(MethodInvocationHelper.java:80)
	at org.testng.internal.Invoker.invokeMethod(Invoker.java:714)
	at org.testng.internal.Invoker.invokeTestMethod(Invoker.java:901)
	at org.testng.internal.Invoker.invokeTestMethods(Invoker.java:1231)
	at org.testng.internal.TestMethodWorker.invokeTestMethods(TestMethodWorker.java:127)
	at org.testng.internal.TestMethodWorker.run(TestMethodWorker.java:111)
	at org.testng.TestRunner.privateRun(TestRunner.java:767)
	at org.testng.TestRunner.run(TestRunner.java:617)
	at org.testng.SuiteRunner.runTest(SuiteRunner.java:334)
	at org.testng.SuiteRunner.runSequentially(SuiteRunner.java:329)
	at org.testng.SuiteRunner.privateRun(SuiteRunner.java:291)
	at org.testng.SuiteRunner.run(SuiteRunner.java:240)
	at org.testng.SuiteRunnerWorker.runSuite(SuiteRunnerWorker.java:52)
	at org.testng.SuiteRunnerWorker.run(SuiteRunnerWorker.java:86)
	at org.testng.TestNG.runSuitesSequentially(TestNG.java:1198)
	at org.testng.TestNG.runSuitesLocally(TestNG.java:1123)
	at org.testng.TestNG.run(TestNG.java:1031)
	at org.apache.maven.surefire.testng.TestNGExecutor.run(TestNGExecutor.java:73)
	at org.apache.maven.surefire.testng.TestNGXmlTestSuite.execute(TestNGXmlTestSuite.java:94)
	at org.apache.maven.surefire.Surefire.run(Surefire.java:169)
	at sun.reflect.NativeMethodAccessorImpl.invoke0(Native Method)
	at sun.reflect.NativeMethodAccessorImpl.invoke(NativeMethodAccessorImpl.java:39)
	at sun.reflect.DelegatingMethodAccessorImpl.invoke(DelegatingMethodAccessorImpl.java:25)
	at java.lang.reflect.Method.invoke(Method.java:597)
	at org.apache.maven.surefire.booter.SurefireBooter.runSuitesInProcess(SurefireBooter.java:350)
	at org.apache.maven.surefire.booter.SurefireBooter.main(SurefireBooter.java:1021)
</pre></div></td>
<td>0</td>
<td>com.organization.automation.project.spice.mix.testng.extension.assertions.CustomAssertUnitTests@2e7820</td></tr>
<tr>
<td title='com.organization.automation.project.spice.mix.testng.extension.assertions.CustomAssertUnitTests.testBigIntegerAssert_smallNumbersNegativeCase()'><b>testBigIntegerAssert_smallNumbersNegativeCase</b><br>Test class: com.organization.automation.project.spice.mix.testng.extension.assertions.CustomAssertUnitTests</td>
<td><div><pre>java.lang.AssertionError: Actual number should be equal expected. expected [true] but found [false]
	at com.organization.automation.project.spice.mix.testng.extension.assertions.CustomAssert.assertEquals(CustomAssert.java:39)
	at com.organization.automation.project.spice.mix.testng.extension.assertions.CustomAssertUnitTests.testBigIntegerAssert_smallNumbersNegativeCase(CustomAssertUnitTests.java:129)
	at org.apache.maven.surefire.testng.TestNGExecutor.run(TestNGExecutor.java:73)
	at org.apache.maven.surefire.testng.TestNGXmlTestSuite.execute(TestNGXmlTestSuite.java:94)
	at org.apache.maven.surefire.Surefire.run(Surefire.java:169)
	at org.apache.maven.surefire.booter.SurefireBooter.runSuitesInProcess(SurefireBooter.java:350)
	at org.apache.maven.surefire.booter.SurefireBooter.main(SurefireBooter.java:1021)
... Removed 28 stack frames</pre></div><a href='#' onClick='toggleBox("stack-trace29959477", this, "Click to show all stack frames", "Click to hide stack frames")'>Click to show all stack frames</a>
<div class='stack-trace' id='stack-trace29959477'><pre>java.lang.AssertionError: Actual number should be equal expected. expected [true] but found [false]
	at org.testng.Assert.fail(Assert.java:94)
	at org.testng.Assert.failNotEquals(Assert.java:494)
	at org.testng.Assert.assertTrue(Assert.java:42)
	at com.organization.automation.project.spice.mix.testng.extension.assertions.CustomAssert.assertEquals(CustomAssert.java:39)
	at com.organization.automation.project.spice.mix.testng.extension.assertions.CustomAssertUnitTests.testBigIntegerAssert_smallNumbersNegativeCase(CustomAssertUnitTests.java:129)
	at sun.reflect.NativeMethodAccessorImpl.invoke0(Native Method)
	at sun.reflect.NativeMethodAccessorImpl.invoke(NativeMethodAccessorImpl.java:39)
	at sun.reflect.DelegatingMethodAccessorImpl.invoke(DelegatingMethodAccessorImpl.java:25)
	at java.lang.reflect.Method.invoke(Method.java:597)
	at org.testng.internal.MethodInvocationHelper.invokeMethod(MethodInvocationHelper.java:80)
	at org.testng.internal.Invoker.invokeMethod(Invoker.java:714)
	at org.testng.internal.Invoker.invokeTestMethod(Invoker.java:901)
	at org.testng.internal.Invoker.invokeTestMethods(Invoker.java:1231)
	at org.testng.internal.TestMethodWorker.invokeTestMethods(TestMethodWorker.java:127)
	at org.testng.internal.TestMethodWorker.run(TestMethodWorker.java:111)
	at org.testng.TestRunner.privateRun(TestRunner.java:767)
	at org.testng.TestRunner.run(TestRunner.java:617)
	at org.testng.SuiteRunner.runTest(SuiteRunner.java:334)
	at org.testng.SuiteRunner.runSequentially(SuiteRunner.java:329)
	at org.testng.SuiteRunner.privateRun(SuiteRunner.java:291)
	at org.testng.SuiteRunner.run(SuiteRunner.java:240)
	at org.testng.SuiteRunnerWorker.runSuite(SuiteRunnerWorker.java:52)
	at org.testng.SuiteRunnerWorker.run(SuiteRunnerWorker.java:86)
	at org.testng.TestNG.runSuitesSequentially(TestNG.java:1198)
	at org.testng.TestNG.runSuitesLocally(TestNG.java:1123)
	at org.testng.TestNG.run(TestNG.java:1031)
	at org.apache.maven.surefire.testng.TestNGExecutor.run(TestNGExecutor.java:73)
	at org.apache.maven.surefire.testng.TestNGXmlTestSuite.execute(TestNGXmlTestSuite.java:94)
	at org.apache.maven.surefire.Surefire.run(Surefire.java:169)
	at sun.reflect.NativeMethodAccessorImpl.invoke0(Native Method)
	at sun.reflect.NativeMethodAccessorImpl.invoke(NativeMethodAccessorImpl.java:39)
	at sun.reflect.DelegatingMethodAccessorImpl.invoke(DelegatingMethodAccessorImpl.java:25)
	at java.lang.reflect.Method.invoke(Method.java:597)
	at org.apache.maven.surefire.booter.SurefireBooter.runSuitesInProcess(SurefireBooter.java:350)
	at org.apache.maven.surefire.booter.SurefireBooter.main(SurefireBooter.java:1021)
</pre></div></td>
<td>0</td>
<td>com.organization.automation.project.spice.mix.testng.extension.assertions.CustomAssertUnitTests@2e7820</td></tr>
</table><p>
</body>
</html>